10-Feb-2023 13:30:14.242 정보 [main] org.apache.catalina.core.AprLifecycleListener.lifecycleEvent 프로덕션 환경들에서 최적의 성능을 제공하는, APR 기반 Apache Tomcat Native 라이브러리가, 다음 java.library.path에서 발견되지 않습니다: [/home/hosting_users/usr/local/fakechroot/lib/fakechroot:/usr/local/fakechroot/lib/fakechroot:/home/hosting_users/usr/lib:/home/hosting_users/lib:/usr/local/mysql/lib:/usr/java/packages/lib/amd64:/usr/lib64:/lib64:/lib:/usr/lib]
10-Feb-2023 13:30:14.288 정보 [main] org.apache.coyote.AbstractProtocol.init 프로토콜 핸들러 ["http-nio-8685"]을(를) 초기화합니다.
10-Feb-2023 13:30:14.298 정보 [main] org.apache.catalina.startup.Catalina.load Initialization processed in 246 ms
10-Feb-2023 13:30:14.311 정보 [main] org.apache.catalina.core.StandardService.startInternal 서비스 [phk0201]을(를) 시작합니다.
10-Feb-2023 13:30:14.311 정보 [main] org.apache.catalina.core.StandardEngine.startInternal 서버 엔진을 시작합니다: [Apache Tomcat/8.5.79]
10-Feb-2023 13:30:14.319 정보 [phk0201.cafe24.com-startStop-1] org.apache.catalina.startup.HostConfig.deployDirectory 웹 애플리케이션 디렉토리 [/phk0201/tomcat/webapps/host-manager]을(를) 배치합니다.
10-Feb-2023 13:30:14.589 정보 [phk0201.cafe24.com-startStop-1] org.apache.jasper.servlet.TldScanner.scanJars 적어도 하나의 JAR가 TLD들을 찾기 위해 스캔되었으나 아무 것도 찾지 못했습니다. 스캔했으나 TLD가 없는 JAR들의 전체 목록을 보시려면, 로그 레벨을 디버그 레벨로 설정하십시오. 스캔 과정에서 불필요한 JAR들을 건너뛰면, 시스템 시작 시간과 JSP 컴파일 시간을 단축시킬 수 있습니다.
10-Feb-2023 13:30:14.608 정보 [phk0201.cafe24.com-startStop-1] org.apache.catalina.startup.HostConfig.deployDirectory 웹 애플리케이션 디렉토리 [/phk0201/tomcat/webapps/host-manager]에 대한 배치가 [288] 밀리초에 완료되었습니다.
10-Feb-2023 13:30:14.608 정보 [phk0201.cafe24.com-startStop-1] org.apache.catalina.startup.HostConfig.deployDirectory 웹 애플리케이션 디렉토리 [/phk0201/tomcat/webapps/manager]을(를) 배치합니다.
10-Feb-2023 13:30:14.757 정보 [phk0201.cafe24.com-startStop-1] org.apache.jasper.servlet.TldScanner.scanJars 적어도 하나의 JAR가 TLD들을 찾기 위해 스캔되었으나 아무 것도 찾지 못했습니다. 스캔했으나 TLD가 없는 JAR들의 전체 목록을 보시려면, 로그 레벨을 디버그 레벨로 설정하십시오. 스캔 과정에서 불필요한 JAR들을 건너뛰면, 시스템 시작 시간과 JSP 컴파일 시간을 단축시킬 수 있습니다.
10-Feb-2023 13:30:14.758 정보 [phk0201.cafe24.com-startStop-1] org.apache.catalina.startup.HostConfig.deployDirectory 웹 애플리케이션 디렉토리 [/phk0201/tomcat/webapps/manager]에 대한 배치가 [150] 밀리초에 완료되었습니다.
10-Feb-2023 13:30:14.758 정보 [phk0201.cafe24.com-startStop-1] org.apache.catalina.startup.HostConfig.deployDirectory 웹 애플리케이션 디렉토리 [/phk0201/tomcat/webapps/ROOT]을(를) 배치합니다.
10-Feb-2023 13:30:14.902 정보 [phk0201.cafe24.com-startStop-1] org.apache.jasper.servlet.TldScanner.scanJars 적어도 하나의 JAR가 TLD들을 찾기 위해 스캔되었으나 아무 것도 찾지 못했습니다. 스캔했으나 TLD가 없는 JAR들의 전체 목록을 보시려면, 로그 레벨을 디버그 레벨로 설정하십시오. 스캔 과정에서 불필요한 JAR들을 건너뛰면, 시스템 시작 시간과 JSP 컴파일 시간을 단축시킬 수 있습니다.
10-Feb-2023 13:30:14.903 정보 [phk0201.cafe24.com-startStop-1] org.apache.catalina.startup.HostConfig.deployDirectory 웹 애플리케이션 디렉토리 [/phk0201/tomcat/webapps/ROOT]에 대한 배치가 [145] 밀리초에 완료되었습니다.
10-Feb-2023 13:30:14.904 정보 [main] org.apache.coyote.AbstractProtocol.start 프로토콜 핸들러 ["http-nio-8685"]을(를) 시작합니다.
10-Feb-2023 13:30:14.910 정보 [main] org.apache.catalina.startup.Catalina.start Server startup in 611 ms
10-Feb-2023 14:22:45.602 정보 [ContainerBackgroundProcessor[StandardEngine[phk0201]]] org.apache.catalina.startup.HostConfig.undeploy 컨텍스트 []의 배치를 제거합니다.
10-Feb-2023 14:22:45.618 정보 [phk0201.cafe24.com-startStop-2] org.apache.catalina.startup.HostConfig.deployWAR 웹 애플리케이션 아카이브 [/phk0201/tomcat/webapps/ROOT.war]을(를) 배치합니다.
10-Feb-2023 14:22:47.168 정보 [phk0201.cafe24.com-startStop-2] org.apache.jasper.servlet.TldScanner.scanJars 적어도 하나의 JAR가 TLD들을 찾기 위해 스캔되었으나 아무 것도 찾지 못했습니다. 스캔했으나 TLD가 없는 JAR들의 전체 목록을 보시려면, 로그 레벨을 디버그 레벨로 설정하십시오. 스캔 과정에서 불필요한 JAR들을 건너뛰면, 시스템 시작 시간과 JSP 컴파일 시간을 단축시킬 수 있습니다.
10-Feb-2023 14:22:47.171 정보 [phk0201.cafe24.com-startStop-2] org.apache.catalina.core.ApplicationContext.log No Spring WebApplicationInitializer types detected on classpath
10-Feb-2023 14:22:47.214 정보 [phk0201.cafe24.com-startStop-2] org.apache.catalina.core.ApplicationContext.log Initializing Spring root WebApplicationContext
10-Feb-2023 14:22:47.809 정보 [phk0201.cafe24.com-startStop-2] org.apache.catalina.core.ApplicationContext.log Initializing Spring FrameworkServlet 'appServlet'
10-Feb-2023 14:22:48.376 정보 [phk0201.cafe24.com-startStop-2] org.apache.catalina.startup.HostConfig.deployWAR 웹 애플리케이션 아카이브 [/phk0201/tomcat/webapps/ROOT.war]의 배치가 [2,758] 밀리초에 완료되었습니다.
10-Feb-2023 14:24:17.311 정보 [main] org.apache.catalina.core.StandardServer.await 셧다운 포트를 통해 유효한 셧다운 명령을 받았습니다. 서버 인스턴스를 중지시킵니다.
10-Feb-2023 14:24:17.311 정보 [main] org.apache.coyote.AbstractProtocol.pause 프로토콜 핸들러 ["http-nio-8685"]을(를) 일시 정지 중
10-Feb-2023 14:24:17.314 정보 [main] org.apache.catalina.core.StandardService.stopInternal 서비스 [phk0201]을(를) 중지시킵니다.
10-Feb-2023 14:24:17.315 정보 [phk0201.cafe24.com-startStop-3] org.apache.catalina.core.ApplicationContext.log Destroying Spring FrameworkServlet 'appServlet'
10-Feb-2023 14:24:17.317 정보 [phk0201.cafe24.com-startStop-3] org.apache.catalina.core.ApplicationContext.log Closing Spring root WebApplicationContext
10-Feb-2023 14:24:17.331 경고 [phk0201.cafe24.com-startStop-3] org.apache.catalina.loader.WebappClassLoaderBase.clearReferencesJdbc 웹 애플리케이션 [ROOT]이(가) JDBC 드라이버 [org.mariadb.jdbc.Driver]을(를) 등록했지만, 웹 애플리케이션이 중지될 때, 해당 JDBC 드라이버의 등록을 제거하지 못했습니다. 메모리 누수를 방지하기 위하여, 등록을 강제로 제거했습니다.
10-Feb-2023 14:24:17.335 정보 [main] org.apache.coyote.AbstractProtocol.stop 프로토콜 핸들러 ["http-nio-8685"]을(를) 중지시킵니다.
10-Feb-2023 14:24:17.346 정보 [main] org.apache.coyote.AbstractProtocol.destroy 프로토콜 핸들러 ["http-nio-8685"]을(를) 소멸시킵니다.
10-Feb-2023 14:24:39.345 경고 [main] org.apache.catalina.core.StandardContext.setPath 컨텍스트 경로는 반드시 빈 문자열이거나, 또는 '/'로 시작하고 '/'로 끝나지 않는 문자열이어야 합니다. 해당 경로 [/]은(는) 이 조건을 충족시키지 않아 [](으)로 변경되었습니다.
10-Feb-2023 14:24:39.352 정보 [main] org.apache.catalina.core.AprLifecycleListener.lifecycleEvent 프로덕션 환경들에서 최적의 성능을 제공하는, APR 기반 Apache Tomcat Native 라이브러리가, 다음 java.library.path에서 발견되지 않습니다: [:/usr/local/mysql/lib:/usr/java/packages/lib/amd64:/usr/lib64:/lib64:/lib:/usr/lib]
10-Feb-2023 14:24:39.399 정보 [main] org.apache.coyote.AbstractProtocol.init 프로토콜 핸들러 ["http-nio-8685"]을(를) 초기화합니다.
10-Feb-2023 14:24:39.409 정보 [main] org.apache.catalina.startup.Catalina.load Initialization processed in 272 ms
10-Feb-2023 14:24:39.427 정보 [main] org.apache.catalina.core.StandardService.startInternal 서비스 [phk0201]을(를) 시작합니다.
10-Feb-2023 14:24:39.427 정보 [main] org.apache.catalina.core.StandardEngine.startInternal 서버 엔진을 시작합니다: [Apache Tomcat/8.5.79]
10-Feb-2023 14:24:40.503 정보 [phk0201.cafe24.com-startStop-1] org.apache.jasper.servlet.TldScanner.scanJars 적어도 하나의 JAR가 TLD들을 찾기 위해 스캔되었으나 아무 것도 찾지 못했습니다. 스캔했으나 TLD가 없는 JAR들의 전체 목록을 보시려면, 로그 레벨을 디버그 레벨로 설정하십시오. 스캔 과정에서 불필요한 JAR들을 건너뛰면, 시스템 시작 시간과 JSP 컴파일 시간을 단축시킬 수 있습니다.
10-Feb-2023 14:24:40.507 정보 [phk0201.cafe24.com-startStop-1] org.apache.catalina.core.ApplicationContext.log No Spring WebApplicationInitializer types detected on classpath
10-Feb-2023 14:24:40.548 정보 [phk0201.cafe24.com-startStop-1] org.apache.catalina.core.ApplicationContext.log Initializing Spring root WebApplicationContext
10-Feb-2023 14:24:46.182 정보 [phk0201.cafe24.com-startStop-1] org.apache.catalina.core.ApplicationContext.log Initializing Spring FrameworkServlet 'appServlet'
10-Feb-2023 14:24:46.770 정보 [phk0201.cafe24.com-startStop-1] org.apache.catalina.startup.HostConfig.deployDirectory 웹 애플리케이션 디렉토리 [/phk0201/tomcat/webapps/host-manager]을(를) 배치합니다.
10-Feb-2023 14:24:46.911 정보 [phk0201.cafe24.com-startStop-1] org.apache.jasper.servlet.TldScanner.scanJars 적어도 하나의 JAR가 TLD들을 찾기 위해 스캔되었으나 아무 것도 찾지 못했습니다. 스캔했으나 TLD가 없는 JAR들의 전체 목록을 보시려면, 로그 레벨을 디버그 레벨로 설정하십시오. 스캔 과정에서 불필요한 JAR들을 건너뛰면, 시스템 시작 시간과 JSP 컴파일 시간을 단축시킬 수 있습니다.
10-Feb-2023 14:24:46.919 정보 [phk0201.cafe24.com-startStop-1] org.apache.catalina.startup.HostConfig.deployDirectory 웹 애플리케이션 디렉토리 [/phk0201/tomcat/webapps/host-manager]에 대한 배치가 [146] 밀리초에 완료되었습니다.
10-Feb-2023 14:24:46.919 정보 [phk0201.cafe24.com-startStop-1] org.apache.catalina.startup.HostConfig.deployDirectory 웹 애플리케이션 디렉토리 [/phk0201/tomcat/webapps/manager]을(를) 배치합니다.
10-Feb-2023 14:24:47.044 정보 [phk0201.cafe24.com-startStop-1] org.apache.jasper.servlet.TldScanner.scanJars 적어도 하나의 JAR가 TLD들을 찾기 위해 스캔되었으나 아무 것도 찾지 못했습니다. 스캔했으나 TLD가 없는 JAR들의 전체 목록을 보시려면, 로그 레벨을 디버그 레벨로 설정하십시오. 스캔 과정에서 불필요한 JAR들을 건너뛰면, 시스템 시작 시간과 JSP 컴파일 시간을 단축시킬 수 있습니다.
10-Feb-2023 14:24:47.045 정보 [phk0201.cafe24.com-startStop-1] org.apache.catalina.startup.HostConfig.deployDirectory 웹 애플리케이션 디렉토리 [/phk0201/tomcat/webapps/manager]에 대한 배치가 [126] 밀리초에 완료되었습니다.
10-Feb-2023 14:24:47.053 정보 [main] org.apache.coyote.AbstractProtocol.start 프로토콜 핸들러 ["http-nio-8685"]을(를) 시작합니다.
10-Feb-2023 14:24:47.088 정보 [main] org.apache.catalina.startup.Catalina.start Server startup in 7677 ms
